<?xml version="1.0" encoding="UTF-8"?>
<!-- Generated by org.testng.reporters.JUnitXMLReporter -->
<testsuite ignored="0" hostname="LTIN617221" failures="1" tests="2" name="Test1" time="64.678" errors="0" timestamp="2025-07-15T17:42:51 IST">
  <testcase classname="testCases.TC_002_SecondTestCase" name="fill_details" time="31.748"/>
  <testcase classname="testCases.TC_002_SecondTestCase" name="fill_details" time="18.25">
    <failure type="java.lang.AssertionError" message="expected [Thank you for your interest in Coursera for Campus] but found [Strengthen employability to attract more students]">
      <![CDATA[java.lang.AssertionError: expected [Thank you for your interest in Coursera for Campus] but found [Strengthen employability to attract more students]
at testCases.TC_002_SecondTestCase.fill_details(TC_002_SecondTestCase.java:47)
at java.base/java.util.ArrayList.forEach(ArrayList.java:1596)
... Removed 31 stack frames]]>
    </failure>
  </testcase> <!-- fill_details -->
</testsuite> <!-- Test1 -->
